<?xml version="1.0" encoding="UTF-8"?>
<testsuite xmlns:xsi="http://www.w3.org/2001/XMLSchema-instance" xsi:noNamespaceSchemaLocation="https://maven.apache.org/surefire/maven-surefire-plugin/xsd/surefire-test-report-3.0.xsd" version="3.0" name="com.prathamesh.banking.service.BankTest" time="0.091" tests="36" errors="0" skipped="0" failures="0">
  <properties>
[...]
</properties>
  <testcase name="testTransferToNonExistent" classname="com.prathamesh.banking.service.BankTest" time="0.007"/>
  <testcase name="testGetAccountCount" classname="com.prathamesh.banking.service.BankTest" time="0.004"/>
  <testcase name="testWithdrawSavingsSuccess" classname="com.prathamesh.banking.service.BankTest" time="0.004"/>
  <testcase name="testTransferNotCountedAsWithdrawal" classname="com.prathamesh.banking.service.BankTest" time="0.006"/>
  <testcase name="testGenerateMonthlyStatement" classname="com.prathamesh.banking.service.BankTest" time="0.002"/>
  <testcase name="testCloseAccountZeroBalance" classname="com.prathamesh.banking.service.BankTest" time="0.003"/>
  <testcase name="testWithdrawInsufficientFunds" classname="com.prathamesh.banking.service.BankTest" time="0.002"/>
  <testcase name="testApplyMonthlyInterest" classname="com.prathamesh.banking.service.BankTest" time="0.002"/>
  <testcase name="testTransferSameAccount" classname="com.prathamesh.banking.service.BankTest" time="0.002"/>
  <testcase name="testGetAccount" classname="com.prathamesh.banking.service.BankTest" time="0.001"/>
  <testcase name="testTransferSuccess" classname="com.prathamesh.banking.service.BankTest" time="0"/>
  <testcase name="testWithdrawChecking" classname="com.prathamesh.banking.service.BankTest" time="0.001"/>
  <testcase name="testOpenCheckingAccount" classname="com.prathamesh.banking.service.BankTest" time="0.001"/>
  <testcase name="testTransferInsufficientFunds" classname="com.prathamesh.banking.service.BankTest" time="0.001"/>
  <testcase name="testWithdrawSavingsMinimumBalance" classname="com.prathamesh.banking.service.BankTest" time="0.001"/>
  <testcase name="testCloseNonExistentAccount" classname="com.prathamesh.banking.service.BankTest" time="0.001"/>
  <testcase name="testDepositZeroAmount" classname="com.prathamesh.banking.service.BankTest" time="0.002"/>
  <testcase name="testOpenAccountNullName" classname="com.prathamesh.banking.service.BankTest" time="0.001"/>
  <testcase name="testOpenAccountNullType" classname="com.prathamesh.banking.service.BankTest" time="0.001"/>
  <testcase name="testOpenSavingsAccountInsufficientDeposit" classname="com.prathamesh.banking.service.BankTest" time="0.001"/>
  <testcase name="testOpenAccountNegativeDeposit" classname="com.prathamesh.banking.service.BankTest" time="0"/>
  <testcase name="testGetAllAccounts" classname="com.prathamesh.banking.service.BankTest" time="0"/>
  <testcase name="testWithdrawSavingsLimit" classname="com.prathamesh.banking.service.BankTest" time="0.001"/>
  <testcase name="testAccountExists" classname="com.prathamesh.banking.service.BankTest" time="0.001"/>
  <testcase name="testDepositNegativeAmount" classname="com.prathamesh.banking.service.BankTest" time="0.002"/>
  <testcase name="testTransferFromNonExistent" classname="com.prathamesh.banking.service.BankTest" time="0.002"/>
  <testcase name="testGetTransactionHistory" classname="com.prathamesh.banking.service.BankTest" time="0.001"/>
  <testcase name="testGetFailedTransactions" classname="com.prathamesh.banking.service.BankTest" time="0.001"/>
  <testcase name="testTransferSavingsMinimumBalance" classname="com.prathamesh.banking.service.BankTest" time="0"/>
  <testcase name="testDeposit" classname="com.prathamesh.banking.service.BankTest" time="0.001"/>
  <testcase name="testOpenSavingsAccount" classname="com.prathamesh.banking.service.BankTest" time="0.001"/>
  <testcase name="testCloseAccountNonZeroBalance" classname="com.prathamesh.banking.service.BankTest" time="0.002"/>
  <testcase name="testOpenAccountEmptyName" classname="com.prathamesh.banking.service.BankTest" time="0.002"/>
  <testcase name="testDepositNonExistentAccount" classname="com.prathamesh.banking.service.BankTest" time="0.001"/>
  <testcase name="testGetAccountsByType" classname="com.prathamesh.banking.service.BankTest" time="0.001"/>
  <testcase name="testGetFilteredTransactionHistory" classname="com.prathamesh.banking.service.BankTest" time="0.001"/>
</testsuite>